09-May-2025 21:16:37.732 INFORMACIÓN [main] org.apache.catalina.startup.VersionLoggerListener.log Nombre de la versión del servidor: Apache Tomcat/9.0.104
09-May-2025 21:16:37.752 INFORMACIÓN [main] org.apache.catalina.startup.VersionLoggerListener.log Server built:                      Apr 4 2025 12:32:55 UTC
09-May-2025 21:16:37.752 INFORMACIÓN [main] org.apache.catalina.startup.VersionLoggerListener.log Número de versión de servidor:     9.0.104.0
09-May-2025 21:16:37.752 INFORMACIÓN [main] org.apache.catalina.startup.VersionLoggerListener.log OS Name:                           Windows 11
09-May-2025 21:16:37.752 INFORMACIÓN [main] org.apache.catalina.startup.VersionLoggerListener.log Versión de Systema Operativo:      10.0
09-May-2025 21:16:37.752 INFORMACIÓN [main] org.apache.catalina.startup.VersionLoggerListener.log Arquitectura:                      amd64
09-May-2025 21:16:37.752 INFORMACIÓN [main] org.apache.catalina.startup.VersionLoggerListener.log Java Home:                         C:\Program Files\Eclipse Adoptium\jre-8.0.382.5-hotspot
09-May-2025 21:16:37.752 INFORMACIÓN [main] org.apache.catalina.startup.VersionLoggerListener.log JVM Version:                       1.8.0_382-b05
09-May-2025 21:16:37.752 INFORMACIÓN [main] org.apache.catalina.startup.VersionLoggerListener.log Vededor JVM:                       Temurin
09-May-2025 21:16:37.752 INFORMACIÓN [main] org.apache.catalina.startup.VersionLoggerListener.log CATALINA_BASE:                     C:\Users\Samuel\Desktop\SANVALERO\PROGRAMACION\ACTIVIDAD APRENDIZAJE 2\proyecto\apache-tomcat-9.0.104
09-May-2025 21:16:37.752 INFORMACIÓN [main] org.apache.catalina.startup.VersionLoggerListener.log CATALINA_HOME:                     C:\Users\Samuel\Desktop\SANVALERO\PROGRAMACION\ACTIVIDAD APRENDIZAJE 2\proyecto\apache-tomcat-9.0.104
09-May-2025 21:16:37.764 INFORMACIÓN [main] org.apache.catalina.startup.VersionLoggerListener.log Command line argument:             -Djava.util.logging.config.file=C:\Users\Samuel\Desktop\SANVALERO\PROGRAMACION\ACTIVIDAD APRENDIZAJE 2\proyecto\apache-tomcat-9.0.104\conf\logging.properties
09-May-2025 21:16:37.764 INFORMACIÓN [main] org.apache.catalina.startup.VersionLoggerListener.log Command line argument:             -Djava.util.logging.manager=org.apache.juli.ClassLoaderLogManager
09-May-2025 21:16:37.764 INFORMACIÓN [main] org.apache.catalina.startup.VersionLoggerListener.log Command line argument:             -Djdk.tls.ephemeralDHKeySize=2048
09-May-2025 21:16:37.764 INFORMACIÓN [main] org.apache.catalina.startup.VersionLoggerListener.log Command line argument:             -Djava.protocol.handler.pkgs=org.apache.catalina.webresources
09-May-2025 21:16:37.765 INFORMACIÓN [main] org.apache.catalina.startup.VersionLoggerListener.log Command line argument:             -Dsun.io.useCanonCaches=false
09-May-2025 21:16:37.766 INFORMACIÓN [main] org.apache.catalina.startup.VersionLoggerListener.log Command line argument:             -Dignore.endorsed.dirs=
09-May-2025 21:16:37.766 INFORMACIÓN [main] org.apache.catalina.startup.VersionLoggerListener.log Command line argument:             -Dcatalina.base=C:\Users\Samuel\Desktop\SANVALERO\PROGRAMACION\ACTIVIDAD APRENDIZAJE 2\proyecto\apache-tomcat-9.0.104
09-May-2025 21:16:37.766 INFORMACIÓN [main] org.apache.catalina.startup.VersionLoggerListener.log Command line argument:             -Dcatalina.home=C:\Users\Samuel\Desktop\SANVALERO\PROGRAMACION\ACTIVIDAD APRENDIZAJE 2\proyecto\apache-tomcat-9.0.104
09-May-2025 21:16:37.766 INFORMACIÓN [main] org.apache.catalina.startup.VersionLoggerListener.log Command line argument:             -Djava.io.tmpdir=C:\Users\Samuel\Desktop\SANVALERO\PROGRAMACION\ACTIVIDAD APRENDIZAJE 2\proyecto\apache-tomcat-9.0.104\temp
09-May-2025 21:16:38.073 INFORMACIÓN [main] org.apache.catalina.core.AprLifecycleListener.lifecycleEvent Cargada la biblioteca nativa APR de Apache Tomcat [1.3.1] con la versión APR [1.7.4].
09-May-2025 21:16:38.073 INFORMACIÓN [main] org.apache.catalina.core.AprLifecycleListener.lifecycleEvent Capacidades APR: IPv6 [true], enviar fichero [true], aceptar filtros [false], aleatorio [true], UDS [true].
09-May-2025 21:16:38.074 INFORMACIÓN [main] org.apache.catalina.core.AprLifecycleListener.lifecycleEvent APR/OpenSSL configuration: useAprConnector [false], useOpenSSL [true]
09-May-2025 21:16:38.081 INFORMACIÓN [main] org.apache.catalina.core.AprLifecycleListener.initializeSSL OpenSSL inicializado correctamente [OpenSSL 3.0.14 4 Jun 2024]
09-May-2025 21:16:38.424 INFORMACIÓN [main] org.apache.coyote.AbstractProtocol.init Inicializando el manejador de protocolo ["http-nio-8080"]

09-May-2025 21:16:38.440 INFORMACIÓN [main] org.apache.catalina.startup.Catalina.load Server initialization in [868] milliseconds
09-May-2025 21:16:38.470 INFORMACIÓN [main] org.apache.catalina.core.StandardService.startInternal Arrancando servicio [Catalina]
09-May-2025 21:16:38.470 INFORMACIÓN [main] org.apache.catalina.core.StandardEngine.startInternal Starting Servlet engine: [Apache Tomcat/9.0.104]
09-May-2025 21:16:38.478 INFORMACIÓN [main] org.apache.catalina.startup.HostConfig.deployDirectory Desplegando el directorio [C:\Users\Samuel\Desktop\SANVALERO\PROGRAMACION\ACTIVIDAD APRENDIZAJE 2\proyecto\apache-tomcat-9.0.104\webapps\docs] de la aplicación web
09-May-2025 21:16:38.729 INFORMACIÓN [main] org.apache.catalina.startup.HostConfig.deployDirectory Deployment of web application directory [C:\Users\Samuel\Desktop\SANVALERO\PROGRAMACION\ACTIVIDAD APRENDIZAJE 2\proyecto\apache-tomcat-9.0.104\webapps\docs] has finished in [250] ms
09-May-2025 21:16:38.729 INFORMACIÓN [main] org.apache.catalina.startup.HostConfig.deployDirectory Desplegando el directorio [C:\Users\Samuel\Desktop\SANVALERO\PROGRAMACION\ACTIVIDAD APRENDIZAJE 2\proyecto\apache-tomcat-9.0.104\webapps\examples] de la aplicación web
09-May-2025 21:16:39.403 INFORMACIÓN [main] org.apache.catalina.startup.HostConfig.deployDirectory Deployment of web application directory [C:\Users\Samuel\Desktop\SANVALERO\PROGRAMACION\ACTIVIDAD APRENDIZAJE 2\proyecto\apache-tomcat-9.0.104\webapps\examples] has finished in [674] ms
09-May-2025 21:16:39.404 INFORMACIÓN [main] org.apache.catalina.startup.HostConfig.deployDirectory Desplegando el directorio [C:\Users\Samuel\Desktop\SANVALERO\PROGRAMACION\ACTIVIDAD APRENDIZAJE 2\proyecto\apache-tomcat-9.0.104\webapps\host-manager] de la aplicación web
09-May-2025 21:16:39.435 INFORMACIÓN [main] org.apache.catalina.startup.HostConfig.deployDirectory Deployment of web application directory [C:\Users\Samuel\Desktop\SANVALERO\PROGRAMACION\ACTIVIDAD APRENDIZAJE 2\proyecto\apache-tomcat-9.0.104\webapps\host-manager] has finished in [31] ms
09-May-2025 21:16:39.435 INFORMACIÓN [main] org.apache.catalina.startup.HostConfig.deployDirectory Desplegando el directorio [C:\Users\Samuel\Desktop\SANVALERO\PROGRAMACION\ACTIVIDAD APRENDIZAJE 2\proyecto\apache-tomcat-9.0.104\webapps\manager] de la aplicación web
09-May-2025 21:16:39.469 INFORMACIÓN [main] org.apache.catalina.startup.HostConfig.deployDirectory Deployment of web application directory [C:\Users\Samuel\Desktop\SANVALERO\PROGRAMACION\ACTIVIDAD APRENDIZAJE 2\proyecto\apache-tomcat-9.0.104\webapps\manager] has finished in [34] ms
09-May-2025 21:16:39.469 INFORMACIÓN [main] org.apache.catalina.startup.HostConfig.deployDirectory Desplegando el directorio [C:\Users\Samuel\Desktop\SANVALERO\PROGRAMACION\ACTIVIDAD APRENDIZAJE 2\proyecto\apache-tomcat-9.0.104\webapps\ROOT] de la aplicación web
09-May-2025 21:16:39.490 INFORMACIÓN [main] org.apache.catalina.startup.HostConfig.deployDirectory Deployment of web application directory [C:\Users\Samuel\Desktop\SANVALERO\PROGRAMACION\ACTIVIDAD APRENDIZAJE 2\proyecto\apache-tomcat-9.0.104\webapps\ROOT] has finished in [21] ms
09-May-2025 21:16:39.492 INFORMACIÓN [main] org.apache.coyote.AbstractProtocol.start Starting ProtocolHandler ["http-nio-8080"]
09-May-2025 21:16:39.506 INFORMACIÓN [main] org.apache.catalina.startup.Catalina.start Server startup in [1066] milliseconds
